[2025-01-14 11:02:56] install.INFO: Running step: check-route-access [] []
[2025-01-14 11:02:57] install.INFO: step: check-route-access | status: done [] []
[2025-01-14 11:02:57] install.INFO: step: check-route-access | messages: no messages [] []
[2025-01-14 11:02:57] install.INFO: step: check-route-access | debug: no debug info [] []
[2025-01-14 11:02:57] install.INFO: Running step: check-install-lock [] []
[2025-01-14 11:02:57] install.INFO: step: check-install-lock | status: done [] []
[2025-01-14 11:02:57] install.INFO: step: check-install-lock | messages: [] []
[2025-01-14 11:02:57] install.INFO: Installer not locked. Proceeding with install [] []
[2025-01-14 11:02:57] install.INFO: step: check-install-lock | debug: no debug info [] []
[2025-01-14 11:02:57] install.INFO: Running step: check-db-connection [] []
[2025-01-14 11:02:57] install.INFO: step: check-db-connection | status: done [] []
[2025-01-14 11:02:57] install.INFO: step: check-db-connection | messages: [] []
[2025-01-14 11:02:57] install.INFO: DB credentials ok [] []
[2025-01-14 11:02:57] install.INFO: step: check-db-connection | debug: no debug info [] []
[2025-01-14 11:02:57] install.INFO: Running step: install-system-checks [] []
[2025-01-14 11:02:57] install.INFO: step: install-system-checks | status: done [] []
[2025-01-14 11:02:57] install.INFO: step: install-system-checks | messages: no messages [] []
[2025-01-14 11:02:57] install.INFO: step: install-system-checks | debug: no debug info [] []
[2025-01-14 11:02:57] install.INFO: Running step: create-config [] []
[2025-01-14 11:02:57] install.INFO: step: create-config | status: done [] []
[2025-01-14 11:02:57] install.INFO: step: create-config | messages: [] []
[2025-01-14 11:02:57] install.INFO: Created silent install config: config_si.php [] []
[2025-01-14 11:02:57] install.INFO: step: create-config | debug: no debug info [] []
[2025-01-14 11:02:57] install.INFO: Running step: create-env [] []
[2025-01-14 11:02:57] install.INFO: step: create-env | status: done [] []
[2025-01-14 11:02:57] install.INFO: step: create-env | messages: [] []
[2025-01-14 11:02:57] install.INFO: Created .env.local [] []
[2025-01-14 11:02:57] install.INFO: Added randomly generated APP_SECRET [] []
[2025-01-14 11:02:57] install.INFO: step: create-env | debug: no debug info [] []
[2025-01-14 11:02:57] install.INFO: Running step: run-legacy-install [] []
[2025-01-14 11:03:33] install.INFO: step: run-legacy-install | status: done [] []
[2025-01-14 11:03:33] install.INFO: step: run-legacy-install | messages: [] []
[2025-01-14 11:03:33] install.INFO: Legacy install successful [] []
[2025-01-14 11:03:33] install.INFO: step: run-legacy-install | debug: no debug info [] []
