Tue Jan 14 11:07:56 2025 [22304][-none-][FATAL] Bean file does not exist in path: modules/Users/User.php
Tue Jan 14 11:32:23 2025 [22304][-none-][FATAL] Bean file does not exist in path: modules/Users/User.php
Tue Jan 14 15:41:38 2025 [32840][-none-][FATAL] Bean file does not exist in path: modules/Users/User.php
Tue Jan 14 15:45:15 2025 [32840][-none-][FATAL] Bean file does not exist in path: modules/Users/User.php
Wed Jan 15 14:48:01 2025 [32840][-none-][FATAL] Bean file does not exist in path: modules/Users/User.php
Mon Jan 27 11:21:00 2025 [8172][-none-][FATAL] Bean file does not exist in path: modules/Users/User.php
Mon Feb 17 10:44:53 2025 [7440][-none-][FATAL] Bean file does not exist in path: modules/Users/User.php
Mon Feb 17 10:49:32 2025 [7440][-none-][FATAL] Bean file does not exist in path: modules/Users/User.php
Tue Feb 18 08:32:43 2025 [7440][-none-][FATAL] Bean file does not exist in path: modules/Users/User.php
Tue Feb 18 08:34:48 2025 [7440][-none-][FATAL] Bean file does not exist in path: modules/Users/User.php
Tue Feb 18 08:48:54 2025 [7440][-none-][FATAL] Bean file does not exist in path: modules/Users/User.php
Tue Feb 18 08:49:11 2025 [7440][-none-][FATAL] Bean file does not exist in path: modules/Users/User.php
Tue Feb 18 08:49:26 2025 [7440][-none-][FATAL] Bean file does not exist in path: modules/Users/User.php
Tue Feb 18 08:55:40 2025 [7440][-none-][FATAL] Bean file does not exist in path: modules/Users/User.php
Tue Feb 18 08:56:19 2025 [7440][-none-][FATAL] Bean file does not exist in path: modules/Users/User.php
Tue Feb 18 08:57:05 2025 [7440][-none-][FATAL] Bean file does not exist in path: modules/Users/User.php
Tue Feb 18 09:02:26 2025 [7440][-none-][FATAL] Bean file does not exist in path: modules/Users/User.php
Tue Feb 18 09:28:54 2025 [7440][-none-][FATAL] Bean file does not exist in path: modules/Users/User.php
Tue Feb 18 09:29:07 2025 [7440][-none-][FATAL] Bean file does not exist in path: modules/Users/User.php
Tue Feb 25 12:26:37 2025 [21420][-none-][FATAL] Bean file does not exist in path: modules/Users/User.php
Tue Feb 25 12:37:03 2025 [21420][-none-][FATAL] Bean file does not exist in path: modules/Users/User.php
Mon Mar  3 15:18:24 2025 [28148][-none-][FATAL] Bean file does not exist in path: modules/Users/User.php
Tue Mar  4 09:57:29 2025 [28148][-none-][FATAL] Bean file does not exist in path: modules/Users/User.php
Tue Mar  4 13:03:10 2025 [24444][-none-][FATAL] Bean file does not exist in path: modules/Users/User.php
Wed Jun  4 15:47:01 2025 [8912][-none-][FATAL] Bean file does not exist in path: modules/Users/User.php
Wed Jun  4 15:50:01 2025 [8912][-none-][FATAL] Bean file does not exist in path: modules/Users/User.php
Wed Jun  4 16:16:46 2025 [71248][-none-][FATAL] Bean file does not exist in path: modules/Users/User.php
Wed Jun  4 16:17:33 2025 [71248][-none-][FATAL] Bean file does not exist in path: modules/Users/User.php
Wed Jun  4 16:39:57 2025 [71248][-none-][FATAL] Bean file does not exist in path: modules/Users/User.php
Wed Jun  4 17:11:05 2025 [71248][-none-][FATAL] Bean file does not exist in path: modules/Users/User.php
Wed Jun  4 17:11:16 2025 [71248][-none-][FATAL] Bean file does not exist in path: modules/Users/User.php
