[2025-01-14 11:00:03] install.log.INFO: Starting Server Checks [] []
[2025-01-14 11:00:03] install.log.INFO: Checking XML Parsing [] []
[2025-01-14 11:00:03] install.log.INFO: XML Parser Libraries Found [] []
[2025-01-14 11:00:03] install.log.INFO: Checking Upload File Size [] []
[2025-01-14 11:00:03] install.log.INFO: Upload File Size:64M [] []
[2025-01-14 11:00:03] install.log.INFO: Upload File Size more than 6291456 [] []
[2025-01-14 11:00:03] install.log.INFO: Checking PCRE Library [] []
[2025-01-14 11:00:03] install.log.INFO: PCRE Library Exists [] []
[2025-01-14 11:00:03] install.log.INFO: Checking for GD Library [] []
[2025-01-14 11:00:03] install.log.INFO: GD Library Found [] []
[2025-01-14 11:00:03] install.log.INFO: Checking required loaded extensions [] []
[2025-01-14 11:00:03] install.log.INFO: Checking if intl exists in loaded extensions [] []
[2025-01-14 11:00:03] install.log.INFO: intl found in loaded extensions [] []
[2025-01-14 11:00:03] install.log.INFO: Checking if curl exists in loaded extensions [] []
[2025-01-14 11:00:03] install.log.INFO: curl found in loaded extensions [] []
[2025-01-14 11:00:03] install.log.INFO: Checking if json exists in loaded extensions [] []
[2025-01-14 11:00:03] install.log.INFO: json found in loaded extensions [] []
[2025-01-14 11:00:03] install.log.INFO: Checking if gd exists in loaded extensions [] []
[2025-01-14 11:00:03] install.log.INFO: gd found in loaded extensions [] []
[2025-01-14 11:00:03] install.log.INFO: Checking if mbstring exists in loaded extensions [] []
[2025-01-14 11:00:03] install.log.INFO: mbstring found in loaded extensions [] []
[2025-01-14 11:00:03] install.log.INFO: Checking if mysqli exists in loaded extensions [] []
[2025-01-14 11:00:03] install.log.INFO: mysqli found in loaded extensions [] []
[2025-01-14 11:00:03] install.log.INFO: Checking if pdo_mysql exists in loaded extensions [] []
[2025-01-14 11:00:03] install.log.INFO: pdo_mysql found in loaded extensions [] []
[2025-01-14 11:00:03] install.log.INFO: Checking if openssl exists in loaded extensions [] []
[2025-01-14 11:00:03] install.log.INFO: openssl found in loaded extensions [] []
[2025-01-14 11:00:03] install.log.INFO: Checking if soap exists in loaded extensions [] []
[2025-01-14 11:00:03] install.log.INFO: soap found in loaded extensions [] []
[2025-01-14 11:00:03] install.log.INFO: Checking if xml exists in loaded extensions [] []
[2025-01-14 11:00:03] install.log.INFO: xml found in loaded extensions [] []
[2025-01-14 11:00:03] install.log.INFO: Checking if zip exists in loaded extensions [] []
[2025-01-14 11:00:03] install.log.INFO: zip found in loaded extensions [] []
[2025-01-14 11:00:03] install.log.INFO: Starting PHP Checks [] []
[2025-01-14 11:00:03] install.log.INFO: Checking PHP Version [] []
[2025-01-14 11:00:03] install.log.INFO: PHP Version Compatible:8.2.27 [] []
[2025-01-14 11:00:03] install.log.INFO: Checking PHP Memory Limit [] []
[2025-01-14 11:00:03] install.log.INFO: PHP Memory Limit is above minimum. [] []
[2025-01-14 11:00:03] install.log.INFO: Checking does Sushosin allow to use upload [] []
[2025-01-14 11:00:03] install.log.INFO: Sushosin allows use of Upload [] []
[2025-01-14 11:00:03] install.log.INFO: Running Permission Checks [] []
[2025-01-14 11:00:03] install.log.INFO: Checking if root is writable [] []
[2025-01-14 11:00:03] install.log.INFO: Root exists and is writable [] []
[2025-01-14 11:00:03] install.log.INFO: Checking if Custom Dir is writable [] []
[2025-01-14 11:00:03] install.log.INFO: Custom Dir is writable [] []
[2025-01-14 11:00:03] install.log.INFO: Checking if Upload Dir is Writable [] []
[2025-01-14 11:00:03] install.log.INFO: Upload Dir is writable [] []
[2025-01-14 11:00:03] install.log.INFO: Checking Legacy Cache Sub Dirs are writable [] []
[2025-01-14 11:00:03] install.log.INFO: Checking if  is writable [] []
[2025-01-14 11:00:03] install.log.INFO: Checking if images is writable [] []
[2025-01-14 11:00:03] install.log.INFO: Checking if layout is writable [] []
[2025-01-14 11:00:03] install.log.INFO: Checking if pdf is writable [] []
[2025-01-14 11:00:03] install.log.INFO: Checking if xml is writable [] []
[2025-01-14 11:00:03] install.log.INFO: Checking if include/javascript is writable [] []
[2025-01-14 11:00:03] install.log.INFO: All Cache Sub Dirs writable [] []
[2025-01-14 11:00:03] install.log.INFO: Checking if config.php is writable [] []
[2025-01-14 11:00:03] install.log.ERROR: Your config.php does not exist. This will be created on install.Path Checked: legacy/config.php [] []
[2025-01-14 11:00:03] install.log.INFO: Checking MB Module Strings [] []
[2025-01-14 11:00:03] install.log.INFO: mbstrings found [] []
[2025-01-14 11:00:03] install.log.INFO: Checking if Sub Dir files are writable [] []
[2025-01-14 11:00:03] install.log.INFO: Checking logs is writable [] []
[2025-01-14 11:00:03] install.log.INFO: logs exists and is writable [] []
[2025-01-14 11:00:03] install.log.INFO: Checking cache is writable [] []
[2025-01-14 11:00:03] install.log.INFO: cache exists and is writable [] []
[2025-01-14 11:00:03] install.log.INFO: Checking extensions is writable [] []
[2025-01-14 11:00:03] install.log.INFO: extensions exists and is writable [] []
[2025-01-14 11:00:03] install.log.INFO: .env exists or is writable [] []
[2025-01-14 11:00:03] install.log.INFO: Checking secrets is writable [] []
[2025-01-14 11:00:03] install.log.INFO: secrets exists and is writable [] []
[2025-01-14 11:00:03] install.log.INFO: Checking optional loaded extensions [] []
[2025-01-14 11:00:03] install.log.INFO: Checking if imap exists in loaded extensions [] []
[2025-01-14 11:00:03] install.log.INFO: imap found in loaded extensions [] []
[2025-01-14 11:00:03] install.log.INFO: Checking if ldap exists in loaded extensions [] []
[2025-01-14 11:00:03] install.log.INFO: ldap found in loaded extensions [] []
[2025-01-14 11:00:03] install.log.INFO: Running curl for SuiteCRM Main Page [] []
[2025-01-14 11:00:03] install.log.INFO: Running curl to get SuiteCRM Instance main page. [] []
[2025-01-14 11:00:03] install.log.ERROR:  [] []
[2025-01-14 11:00:03] install.log.ERROR: The SuiteCRM Title cannot be found. This is not a valid SuiteCRM Page. [] []
[2025-01-14 11:00:03] install.log.ERROR: The url used for the call was: http://127.0.0.1/ [] []
[2025-01-14 11:00:03] install.log.ERROR: The result of the call was:  [] []
[2025-01-14 11:00:03] install.log.ERROR: <html><body><h1>It works!</h1></body></html>  [] []
[2025-01-14 11:00:03] install.log.INFO: Running curl for Api [] []
[2025-01-14 11:00:03] install.log.INFO: Calling Graphql api [] []
[2025-01-14 11:00:03] install.log.ERROR:  [] []
[2025-01-14 11:00:03] install.log.ERROR: The result of the curl call to the graphql page was empty. [] []
[2025-01-14 11:00:03] install.log.ERROR: The url used for the call was: http://127.0.0.1/api/graphql [] []
[2025-01-14 11:00:03] install.log.ERROR: The result of the call was:  [] []
[2025-01-14 11:00:03] install.log.ERROR: <!DOCTYPE HTML PUBLIC "-//IETF//DTD HTML 2.0//EN"> <html><head> <title>404 Not Found</title> </head><body> <h1>Not Found</h1> <p>The requested URL was not found on this server.</p> </body></html>  [] []
[2025-01-14 11:00:03] install.log.DEBUG: Hook called: ::server_round_trip [] []
[2025-01-14 11:02:56] install.log.INFO: Running curl for SuiteCRM Main Page [] []
[2025-01-14 11:02:56] install.log.INFO: Running curl to get SuiteCRM Instance main page. [] []
[2025-01-14 11:02:56] install.log.INFO: Successfully got SuiteCRM instance main page [] []
[2025-01-14 11:02:56] install.log.INFO:  [] []
[2025-01-14 11:02:56] install.log.INFO: Running curl for Api [] []
[2025-01-14 11:02:56] install.log.INFO: Calling Graphql api [] []
[2025-01-14 11:02:57] install.log.INFO:  [] []
